
=== Source: https://www.costcoinsider.com/wp-content/uploads/2025/04/Costco-May-2025-Hot-Buys-Coupons-Cover.jpg ===
82 = 0v 8UY$
I     $IARI$ I0OAY! )
I                Va1id 4/28/2S - S/II/2S
==================================================

=== Source: https://www.costcoinsider.com/wp-content/uploads/2025/04/Costco-May-2025-Hot-Buys-Coupons-Page-1-635x335.jpg ===
ao    gor    so
ret townm ciate omen ttseccteet I Crons ran heme 6u tee Oar ty  teen tw

eee 2 I ee   fa eI Fear

$8 Repe$$ = fee =
ssosr $0F 0F
teatratmnts tenn ctanavtne [rove wines i nemaree I orev ita teary
~~      ie I i        =I.     ry
==================================================

=== Source: https://www.costcoinsider.com/wp-content/uploads/2025/04/Costco-May-2025-Hot-Buys-Coupons-Page-2-635x337.jpg ===
ame Re ne street = ak eid» Catan
s202%         $HH0r         sI0o
tee ew ones ora it     Oiemer rere        Oeters tach tn et wth ot a
$ee     mos I $t
$R Ress ee1s:
$S 0F          $3OF          $3C88
emtrentvientnes — Peewmcrwmrenivseisia — wemenyny
=s3         = 2Ra1I—I      i
FH      few 6as     a   =
i!        ei       ‘ee
==================================================

=== Source: https://www.costcoinsider.com/wp-content/uploads/2025/04/Costco-May-2025-Hot-Buys-Coupons-Page-3-635x246.jpg ===
W$ WAR8H0U$8 + 0NLIN8:                                  AWARIH0U$8 « 0$I,

0FF                       0FF
$4 0rr                    $art
Ouiksitver Iorts 3-Picce $wirm $et           Raxy Youth 3-Piece $warm $et.
paras                      pean
irereecee trae.            ae ee              ’
Retake Fat             Ke     rmigoe hes $9F        a
posicebnert4]                            ‘\        tanion ie                iz
nO 8            i    res        RA
==================================================
